2025-07-15 14:32:38,308 INFO:Fetching https://www.moex.com/ru/issue.aspx?board=TQBR&code=SBER
2025-07-15 14:32:46,148 ERROR:Future exception was never retrieved
future: <Future finished exception=TargetClosedError('Target page, context or browser has been closed')>
playwright._impl._errors.TargetClosedError: Target page, context or browser has been closed
2025-07-15 14:32:47,696 INFO:Fetching https://www.moex.com/ru/issue.aspx?board=TQBR&code=SBER
2025-07-15 14:32:50,738 ERROR:SBER: Playwright timeout: Page.goto: Timeout 3000ms exceeded.
Call log:
  - navigating to "https://www.moex.com/ru/issue.aspx?board=TQBR&code=SBER", waiting until "load"

2025-07-15 14:33:02,194 INFO:Fetching https://www.moex.com/ru/issue.aspx?board=TQBR&code=SBER
2025-07-15 14:33:12,221 INFO:Fetched: {'code': 'SBER', 'Date': '15-07-2025', 'Time': '14:18', 'Open': None, 'Max': None, 'Min': None, 'Close': None, 'Volume': None, 'Открытие': 319.19, 'Макс.': 319.39, 'Закрытие': 319.27}
2025-07-15 14:41:31,617 INFO:Fetching https://www.moex.com/ru/issue.aspx?board=TQBR&code=SBER
2025-07-15 14:41:41,667 ERROR:SBER: Playwright timeout: Page.goto: Timeout 10000ms exceeded.
Call log:
  - navigating to "https://www.moex.com/ru/issue.aspx?board=TQBR&code=SBER", waiting until "load"

2025-07-15 14:42:37,574 INFO:Fetching https://www.moex.com/ru/issue.aspx?board=TQBR&code=SBER
2025-07-15 14:42:47,605 INFO:Fetched: {'code': 'SBER', 'Date': '15-07-2025', 'Time': '14:27', 'Open': None, 'Max': None, 'Min': None, 'Close': None, 'Volume': 971175.7, 'Открытие': 319.46, 'Макс.': 319.48, 'Закрытие': 319.48}
2025-07-15 14:49:43,623 INFO:Fetching https://www.moex.com/ru/issue.aspx?board=TQBR&code=SBER
2025-07-15 14:49:53,109 INFO:Fetched: {'code': 'SBER', 'Date': '15-07-2025', 'Time': '14:34', 'Open': 319.59, 'Max': 319.6, 'Min': None, 'Close': 319.59, 'Volume': 2905122.5}
2025-07-15 14:58:27,444 INFO:Fetching https://www.moex.com/ru/issue.aspx?board=TQBR&code=SBER
2025-07-15 14:58:37,456 INFO:Fetched: {'code': 'SBER', 'Date': '15-07-2025', 'Time': '14:43', 'Open': 319.84, 'Max': 319.85, 'Min': None, 'Close': 319.84, 'Volume': 5104618.9}
2025-07-15 14:58:37,456 INFO:Fetching https://www.moex.com/ru/issue.aspx?board=TQBR&code=LQDT
2025-07-15 14:59:14,419 ERROR:LQDT: Playwright timeout: Page.click: Timeout 30000ms exceeded.
Call log:
  - waiting for locator("li[data-interval=\"1\"][data-duration=\"60\"]")

2025-07-15 14:59:14,419 INFO:Fetching https://www.moex.com/ru/issue.aspx?board=TQBR&code=VTBR
2025-07-15 14:59:24,223 INFO:Fetched: {'code': 'VTBR', 'Date': '15-07-2025', 'Time': '14:44', 'Open': 76.62, 'Max': 76.65, 'Min': None, 'Close': 76.61, 'Volume': 16182334.53}
2025-07-15 14:59:24,224 INFO:Fetching https://www.moex.com/ru/issue.aspx?board=TQBR&code=GAZP
2025-07-15 14:59:32,899 INFO:Fetched: {'code': 'GAZP', 'Date': '15-07-2025', 'Time': '14:44', 'Open': 122.22, 'Max': 122.28, 'Min': None, 'Close': 122.24, 'Volume': 4798438.8}
